0 info it worked if it ends with ok
1 verbose cli [ 'C:\\Program Files\\nodejs\\\\node.exe',
1 verbose cli   'C:\\Program Files\\nodejs\\node_modules\\npm\\bin\\npm-cli.js',
1 verbose cli   'install',
1 verbose cli   'hiredis' ]
2 info using npm@1.4.3
3 info using node@v0.10.26
4 verbose node symlink C:\Program Files\nodejs\\node.exe
5 warn package.json cron-parser@0.2.5 No repository field.
6 verbose readDependencies using package.json deps
7 verbose cache add [ 'hiredis', null ]
8 verbose cache add name=undefined spec="hiredis" args=["hiredis",null]
9 verbose parsed url { protocol: null,
9 verbose parsed url   slashes: null,
9 verbose parsed url   auth: null,
9 verbose parsed url   host: null,
9 verbose parsed url   port: null,
9 verbose parsed url   hostname: null,
9 verbose parsed url   hash: null,
9 verbose parsed url   search: null,
9 verbose parsed url   query: null,
9 verbose parsed url   pathname: 'hiredis',
9 verbose parsed url   path: 'hiredis',
9 verbose parsed url   href: 'hiredis' }
10 silly lockFile 66e3de35-hiredis hiredis
11 verbose lock hiredis C:\Users\Nishant\AppData\Roaming\npm-cache\66e3de35-hiredis.lock
12 silly lockFile 66e3de35-hiredis hiredis
13 silly lockFile 66e3de35-hiredis hiredis
14 verbose addNamed [ 'hiredis', '' ]
15 verbose addNamed [ null, '*' ]
16 silly lockFile dc014615-hiredis hiredis@
17 verbose lock hiredis@ C:\Users\Nishant\AppData\Roaming\npm-cache\dc014615-hiredis.lock
18 silly addNameRange { name: 'hiredis', range: '*', hasData: false }
19 verbose url raw hiredis
20 verbose url resolving [ 'https://registry.npmjs.org/', './hiredis' ]
21 verbose url resolved https://registry.npmjs.org/hiredis
22 info trying registry request attempt 1 at 20:01:07
23 verbose etag "ED66KSJNC0PZDBLLUZGMLU5HZ"
24 http GET https://registry.npmjs.org/hiredis
25 http 304 https://registry.npmjs.org/hiredis
26 silly registry.get cb [ 304,
26 silly registry.get   { date: 'Thu, 20 Mar 2014 14:31:16 GMT',
26 silly registry.get     server: 'Apache',
26 silly registry.get     via: '1.1 varnish',
26 silly registry.get     'last-modified': 'Thu, 20 Mar 2014 14:31:16 GMT',
26 silly registry.get     'cache-control': 'max-age=1',
26 silly registry.get     etag: '"ED66KSJNC0PZDBLLUZGMLU5HZ"',
26 silly registry.get     'x-served-by': 'cache-sv94-SJC3',
26 silly registry.get     'x-cache': 'MISS',
26 silly registry.get     'x-cache-hits': '0',
26 silly registry.get     'x-timer': 'S1395325876.473165512,VS0,VE207',
26 silly registry.get     vary: 'Accept',
26 silly registry.get     'content-length': '0',
26 silly registry.get     'keep-alive': 'timeout=10, max=50',
26 silly registry.get     connection: 'Keep-Alive' } ]
27 verbose etag hiredis from cache
28 silly addNameRange number 2 { name: 'hiredis', range: '*', hasData: true }
29 silly addNameRange versions [ 'hiredis',
29 silly addNameRange   [ '0.1.0',
29 silly addNameRange     '0.1.1',
29 silly addNameRange     '0.1.2',
29 silly addNameRange     '0.1.3',
29 silly addNameRange     '0.1.4',
29 silly addNameRange     '0.1.5',
29 silly addNameRange     '0.1.6',
29 silly addNameRange     '0.1.8',
29 silly addNameRange     '0.1.9',
29 silly addNameRange     '0.1.10',
29 silly addNameRange     '0.1.12',
29 silly addNameRange     '0.1.13',
29 silly addNameRange     '0.1.14',
29 silly addNameRange     '0.1.15',
29 silly addNameRange     '0.1.16' ] ]
30 verbose addNamed [ 'hiredis', '0.1.16' ]
31 verbose addNamed [ '0.1.16', '0.1.16' ]
32 silly lockFile beed5615-hiredis-0-1-16 hiredis@0.1.16
33 verbose lock hiredis@0.1.16 C:\Users\Nishant\AppData\Roaming\npm-cache\beed5615-hiredis-0-1-16.lock
34 silly lockFile beed5615-hiredis-0-1-16 hiredis@0.1.16
35 silly lockFile beed5615-hiredis-0-1-16 hiredis@0.1.16
36 silly lockFile dc014615-hiredis hiredis@
37 silly lockFile dc014615-hiredis hiredis@
38 silly resolved [ { name: 'hiredis',
38 silly resolved     description: 'Wrapper for reply processing code in hiredis',
38 silly resolved     version: '0.1.16',
38 silly resolved     homepage: 'http://github.com/pietern/hiredis-node',
38 silly resolved     author: { name: 'Pieter Noordhuis', email: 'pcnoordhuis@gmail.com' },
38 silly resolved     main: 'hiredis',
38 silly resolved     scripts: { test: 'node test/reader.js', install: 'node-gyp rebuild' },
38 silly resolved     dependencies: { bindings: '*' },
38 silly resolved     engines: { node: '>= 0.6.0' },
38 silly resolved     repository: { type: 'git', url: 'git@github.com:pietern/hiredis-node.git' },
38 silly resolved     bugs: { url: 'https://github.com/pietern/hiredis-node/issues' },
38 silly resolved     licenses: [ [Object] ],
38 silly resolved     gypfile: true,
38 silly resolved     readme: '[![Build Status](https://travis-ci.org/pietern/hiredis-node.png?branch=master)](https://travis-ci.org/pietern/hiredis-node)\n\n# hiredis-node\n\nNode extension that wraps [hiredis][hiredis].\nBecause Node is already good at doing I/O, hiredis-node only provides\nbindings to the protocol parser.\nThe hiredis protocol parser is faster than JavaScript protocol parsers,\nbut the speedup only becomes noticable for large replies.\nIf you use Redis for simple SET/GET operations, there won\'t be a big\nbenefit to using hiredis.\nIf you use Redis for big SUNION/SINTER/LRANGE/ZRANGE operations, the\nbenefit to using hiredis-node can be significant.\n\n[hiredis]: http://github.com/redis/hiredis\n\n## Install\n\nInstall with [NPM][npm]:\n\n```\nnpm install hiredis\n```\n\n[npm]: https://npmjs.org/\n\n## Usage\n\nhiredis-node works out of the box with Matt Ranney\'s [node_redis][node_redis].\nThe latter has an optional dependency on hiredis-node, so maybe you\'re\nalready using it without knowing.\n\nAlternatively, you can use it directly:\n\n```javascript\nvar hiredis = require("hiredis"),\n    reader = new hiredis.Reader();\n\n// Data comes in\nreader.feed("$5\\r\\nhello\\r\\n");\n\n// Reply comes out\nreader.get() // => "hello"\n```\n\nInstead of returning strings for bulk payloads, it can also return\nbuffers:\n\n```javascript\nvar hiredis = require("hiredis"),\n    reader = new hiredis.Reader({ return_buffers: true });\n\n// Data comes in\nreader.feed("$5\\r\\nhello\\r\\n");\n\n// Reply comes out\nreader.get() // => <Buffer 68 65 6c 6c 6f>\n```\n\n[node_redis]: http://github.com/mranney/node_redis\n\n## Windows\n\nDmitry Gorbunov (@fuwaneko) made a [fork of hiredis-node][windows_fork] with Windows support.\n\n[windows_fork]: https://github.com/fuwaneko/hiredis-node\n\n## License\n\nThis code is released under the BSD license, after the license of hiredis.\n',
38 silly resolved     readmeFilename: 'README.md',
38 silly resolved     _id: 'hiredis@0.1.16',
38 silly resolved     _from: 'hiredis@' } ]
39 info install hiredis@0.1.16 into G:\Infollion\SearchNTalk\code\Coral
40 info installOne hiredis@0.1.16
41 info G:\Infollion\SearchNTalk\code\Coral\node_modules\hiredis unbuild
42 verbose tar unpack C:\Users\Nishant\AppData\Roaming\npm-cache\hiredis\0.1.16\package.tgz
43 silly lockFile 43f4e956--code-Coral-node-modules-hiredis tar://G:\Infollion\SearchNTalk\code\Coral\node_modules\hiredis
44 verbose lock tar://G:\Infollion\SearchNTalk\code\Coral\node_modules\hiredis C:\Users\Nishant\AppData\Roaming\npm-cache\43f4e956--code-Coral-node-modules-hiredis.lock
45 silly lockFile 710a23bd-cache-hiredis-0-1-16-package-tgz tar://C:\Users\Nishant\AppData\Roaming\npm-cache\hiredis\0.1.16\package.tgz
46 verbose lock tar://C:\Users\Nishant\AppData\Roaming\npm-cache\hiredis\0.1.16\package.tgz C:\Users\Nishant\AppData\Roaming\npm-cache\710a23bd-cache-hiredis-0-1-16-package-tgz.lock
47 silly gunzTarPerm modes [ '755', '644' ]
48 silly gunzTarPerm extractEntry package.json
49 silly gunzTarPerm modified mode [ 'package.json', 438, 420 ]
50 silly gunzTarPerm extractEntry README.md
51 silly gunzTarPerm modified mode [ 'README.md', 438, 420 ]
52 silly gunzTarPerm extractEntry bench.js
53 silly gunzTarPerm modified mode [ 'bench.js', 438, 420 ]
54 silly gunzTarPerm extractEntry hiredis.js
55 silly gunzTarPerm modified mode [ 'hiredis.js', 438, 420 ]
56 silly gunzTarPerm extractEntry COPYING
57 silly gunzTarPerm modified mode [ 'COPYING', 438, 420 ]
58 silly gunzTarPerm extractEntry binding.gyp
59 silly gunzTarPerm modified mode [ 'binding.gyp', 438, 420 ]
60 silly gunzTarPerm extractEntry deps/hiredis/README.md
61 silly gunzTarPerm modified mode [ 'deps/hiredis/README.md', 438, 420 ]
62 silly gunzTarPerm extractEntry deps/hiredis/example-libev.c
63 silly gunzTarPerm modified mode [ 'deps/hiredis/example-libev.c', 438, 420 ]
64 silly gunzTarPerm extractEntry deps/hiredis/Makefile
65 silly gunzTarPerm modified mode [ 'deps/hiredis/Makefile', 438, 420 ]
66 silly gunzTarPerm extractEntry deps/hiredis/CHANGELOG.md
67 silly gunzTarPerm modified mode [ 'deps/hiredis/CHANGELOG.md', 438, 420 ]
68 silly gunzTarPerm extractEntry deps/hiredis/adapters/ae.h
69 silly gunzTarPerm modified mode [ 'deps/hiredis/adapters/ae.h', 438, 420 ]
70 silly gunzTarPerm extractEntry deps/hiredis/adapters/libev.h
71 silly gunzTarPerm modified mode [ 'deps/hiredis/adapters/libev.h', 438, 420 ]
72 silly gunzTarPerm extractEntry deps/hiredis/adapters/libevent.h
73 silly gunzTarPerm modified mode [ 'deps/hiredis/adapters/libevent.h', 438, 420 ]
74 silly gunzTarPerm extractEntry deps/hiredis/async.c
75 silly gunzTarPerm modified mode [ 'deps/hiredis/async.c', 438, 420 ]
76 silly gunzTarPerm extractEntry deps/hiredis/async.h
77 silly gunzTarPerm modified mode [ 'deps/hiredis/async.h', 438, 420 ]
78 silly gunzTarPerm extractEntry deps/hiredis/dict.c
79 silly gunzTarPerm modified mode [ 'deps/hiredis/dict.c', 438, 420 ]
80 silly gunzTarPerm extractEntry deps/hiredis/dict.h
81 silly gunzTarPerm modified mode [ 'deps/hiredis/dict.h', 438, 420 ]
82 silly gunzTarPerm extractEntry deps/hiredis/example-ae.c
83 silly gunzTarPerm modified mode [ 'deps/hiredis/example-ae.c', 438, 420 ]
84 silly gunzTarPerm extractEntry deps/hiredis/COPYING
85 silly gunzTarPerm modified mode [ 'deps/hiredis/COPYING', 438, 420 ]
86 silly gunzTarPerm extractEntry deps/hiredis/example-libevent.c
87 silly gunzTarPerm modified mode [ 'deps/hiredis/example-libevent.c', 438, 420 ]
88 silly gunzTarPerm extractEntry deps/hiredis/example.c
89 silly gunzTarPerm modified mode [ 'deps/hiredis/example.c', 438, 420 ]
90 silly gunzTarPerm extractEntry deps/hiredis/fmacros.h
91 silly gunzTarPerm modified mode [ 'deps/hiredis/fmacros.h', 438, 420 ]
92 silly gunzTarPerm extractEntry deps/hiredis/hiredis.c
93 silly gunzTarPerm modified mode [ 'deps/hiredis/hiredis.c', 438, 420 ]
94 silly gunzTarPerm extractEntry deps/hiredis/hiredis.h
95 silly gunzTarPerm modified mode [ 'deps/hiredis/hiredis.h', 438, 420 ]
96 silly gunzTarPerm extractEntry deps/hiredis/net.c
97 silly gunzTarPerm modified mode [ 'deps/hiredis/net.c', 438, 420 ]
98 silly gunzTarPerm extractEntry deps/hiredis/net.h
99 silly gunzTarPerm modified mode [ 'deps/hiredis/net.h', 438, 420 ]
100 silly gunzTarPerm extractEntry deps/hiredis/sds.c
101 silly gunzTarPerm modified mode [ 'deps/hiredis/sds.c', 438, 420 ]
102 silly gunzTarPerm extractEntry deps/hiredis/sds.h
103 silly gunzTarPerm modified mode [ 'deps/hiredis/sds.h', 438, 420 ]
104 silly gunzTarPerm extractEntry deps/hiredis/test.c
105 silly gunzTarPerm modified mode [ 'deps/hiredis/test.c', 438, 420 ]
106 silly gunzTarPerm extractEntry deps/hiredis.gyp
107 silly gunzTarPerm modified mode [ 'deps/hiredis.gyp', 438, 420 ]
108 silly gunzTarPerm extractEntry src/hiredis.cc
109 silly gunzTarPerm modified mode [ 'src/hiredis.cc', 438, 420 ]
110 silly gunzTarPerm extractEntry src/reader.cc
111 silly gunzTarPerm modified mode [ 'src/reader.cc', 438, 420 ]
112 silly gunzTarPerm extractEntry src/reader.h
113 silly gunzTarPerm modified mode [ 'src/reader.h', 438, 420 ]
114 silly gunzTarPerm extractEntry test/reader.js
115 silly gunzTarPerm modified mode [ 'test/reader.js', 438, 420 ]
116 silly lockFile 43f4e956--code-Coral-node-modules-hiredis tar://G:\Infollion\SearchNTalk\code\Coral\node_modules\hiredis
117 silly lockFile 43f4e956--code-Coral-node-modules-hiredis tar://G:\Infollion\SearchNTalk\code\Coral\node_modules\hiredis
118 silly lockFile 710a23bd-cache-hiredis-0-1-16-package-tgz tar://C:\Users\Nishant\AppData\Roaming\npm-cache\hiredis\0.1.16\package.tgz
119 silly lockFile 710a23bd-cache-hiredis-0-1-16-package-tgz tar://C:\Users\Nishant\AppData\Roaming\npm-cache\hiredis\0.1.16\package.tgz
120 info preinstall hiredis@0.1.16
121 verbose readDependencies using package.json deps
122 verbose readDependencies using package.json deps
123 verbose cache add [ 'bindings@*', null ]
124 verbose cache add name=undefined spec="bindings@*" args=["bindings@*",null]
125 verbose parsed url { protocol: null,
125 verbose parsed url   slashes: null,
125 verbose parsed url   auth: null,
125 verbose parsed url   host: null,
125 verbose parsed url   port: null,
125 verbose parsed url   hostname: null,
125 verbose parsed url   hash: null,
125 verbose parsed url   search: null,
125 verbose parsed url   query: null,
125 verbose parsed url   pathname: 'bindings@*',
125 verbose parsed url   path: 'bindings@*',
125 verbose parsed url   href: 'bindings@*' }
126 verbose cache add name="bindings" spec="*" args=["bindings","*"]
127 verbose parsed url { protocol: null,
127 verbose parsed url   slashes: null,
127 verbose parsed url   auth: null,
127 verbose parsed url   host: null,
127 verbose parsed url   port: null,
127 verbose parsed url   hostname: null,
127 verbose parsed url   hash: null,
127 verbose parsed url   search: null,
127 verbose parsed url   query: null,
127 verbose parsed url   pathname: '*',
127 verbose parsed url   path: '*',
127 verbose parsed url   href: '*' }
128 verbose addNamed [ 'bindings', '*' ]
129 verbose addNamed [ null, '*' ]
130 silly lockFile a3858fc2-bindings bindings@*
131 verbose lock bindings@* C:\Users\Nishant\AppData\Roaming\npm-cache\a3858fc2-bindings.lock
132 silly addNameRange { name: 'bindings', range: '*', hasData: false }
133 verbose url raw bindings
134 verbose url resolving [ 'https://registry.npmjs.org/', './bindings' ]
135 verbose url resolved https://registry.npmjs.org/bindings
136 info trying registry request attempt 1 at 20:01:14
137 verbose etag "8K98OB4X6MFFOACLX579JQDPQ"
138 http GET https://registry.npmjs.org/bindings
139 http 304 https://registry.npmjs.org/bindings
140 silly registry.get cb [ 304,
140 silly registry.get   { date: 'Thu, 20 Mar 2014 14:31:23 GMT',
140 silly registry.get     server: 'Apache',
140 silly registry.get     via: '1.1 varnish',
140 silly registry.get     'last-modified': 'Thu, 20 Mar 2014 14:31:23 GMT',
140 silly registry.get     'cache-control': 'max-age=1',
140 silly registry.get     etag: '"8K98OB4X6MFFOACLX579JQDPQ"',
140 silly registry.get     'x-served-by': 'cache-sv62-SJC3',
140 silly registry.get     'x-cache': 'HIT',
140 silly registry.get     'x-cache-hits': '1',
140 silly registry.get     'x-timer': 'S1395325883.238065958,VS0,VE72',
140 silly registry.get     vary: 'Accept',
140 silly registry.get     'content-length': '0',
140 silly registry.get     'keep-alive': 'timeout=10, max=50',
140 silly registry.get     connection: 'Keep-Alive' } ]
141 verbose etag bindings from cache
142 silly addNameRange number 2 { name: 'bindings', range: '*', hasData: true }
143 silly addNameRange versions [ 'bindings',
143 silly addNameRange   [ '0.0.1',
143 silly addNameRange     '0.1.0',
143 silly addNameRange     '0.1.1',
143 silly addNameRange     '0.2.0',
143 silly addNameRange     '0.2.1',
143 silly addNameRange     '0.2.2',
143 silly addNameRange     '0.2.3',
143 silly addNameRange     '0.2.4',
143 silly addNameRange     '0.3.0',
143 silly addNameRange     '0.4.0',
143 silly addNameRange     '1.0.0',
143 silly addNameRange     '1.1.0',
143 silly addNameRange     '1.1.1' ] ]
144 verbose addNamed [ 'bindings', '1.1.1' ]
145 verbose addNamed [ '1.1.1', '1.1.1' ]
146 silly lockFile 52dd60a7-bindings-1-1-1 bindings@1.1.1
147 verbose lock bindings@1.1.1 C:\Users\Nishant\AppData\Roaming\npm-cache\52dd60a7-bindings-1-1-1.lock
148 silly lockFile 52dd60a7-bindings-1-1-1 bindings@1.1.1
149 silly lockFile 52dd60a7-bindings-1-1-1 bindings@1.1.1
150 silly lockFile a3858fc2-bindings bindings@*
151 silly lockFile a3858fc2-bindings bindings@*
152 silly resolved [ { name: 'bindings',
152 silly resolved     description: 'Helper module for loading your native module\'s .node file',
152 silly resolved     keywords: [ 'native', 'addon', 'bindings', 'gyp', 'waf', 'c', 'c++' ],
152 silly resolved     version: '1.1.1',
152 silly resolved     author:
152 silly resolved      { name: 'Nathan Rajlich',
152 silly resolved        email: 'nathan@tootallnate.net',
152 silly resolved        url: 'http://tootallnate.net' },
152 silly resolved     repository:
152 silly resolved      { type: 'git',
152 silly resolved        url: 'git://github.com/TooTallNate/node-bindings.git' },
152 silly resolved     main: './bindings.js',
152 silly resolved     readme: 'node-bindings\n=============\n### Helper module for loading your native module\'s .node file\n\nThis is a helper module for authors of Node.js native addon modules.\nIt is basically the "swiss army knife" of `require()`ing your native module\'s\n`.node` file.\n\nThroughout the course of Node\'s native addon history, addons have ended up being\ncompiled in a variety of different places, depending on which build tool and which\nversion of node was used. To make matters worse, now the _gyp_ build tool can\nproduce either a _Release_ or _Debug_ build, each being built into different\nlocations.\n\nThis module checks _all_ the possible locations that a native addon would be built\nat, and returns the first one that loads successfully.\n\n\nInstallation\n------------\n\nInstall with `npm`:\n\n``` bash\n$ npm install bindings\n```\n\nOr add it to the `"dependencies"` section of your _package.json_ file.\n\n\nExample\n-------\n\n`require()`ing the proper bindings file for the current node version, platform\nand architecture is as simple as:\n\n``` js\nvar bindings = require(\'bindings\')(\'binding.node\')\n\n// Use your bindings defined in your C files\nbindings.your_c_function()\n```\n\n\nNice Error Output\n-----------------\n\nWhen the `.node` file could not be loaded, `node-bindings` throws an Error with\na nice error message telling you exactly what was tried. You can also check the\n`err.tries` Array property.\n\n```\nError: Could not load the bindings file. Tried:\n → /Users/nrajlich/ref/build/binding.node\n → /Users/nrajlich/ref/build/Debug/binding.node\n → /Users/nrajlich/ref/build/Release/binding.node\n → /Users/nrajlich/ref/out/Debug/binding.node\n → /Users/nrajlich/ref/Debug/binding.node\n → /Users/nrajlich/ref/out/Release/binding.node\n → /Users/nrajlich/ref/Release/binding.node\n → /Users/nrajlich/ref/build/default/binding.node\n → /Users/nrajlich/ref/compiled/0.8.2/darwin/x64/binding.node\n    at bindings (/Users/nrajlich/ref/node_modules/bindings/bindings.js:84:13)\n    at Object.<anonymous> (/Users/nrajlich/ref/lib/ref.js:5:47)\n    at Module._compile (module.js:449:26)\n    at Object.Module._extensions..js (module.js:467:10)\n    at Module.load (module.js:356:32)\n    at Function.Module._load (module.js:312:12)\n    ...\n```\n\n\nLicense\n-------\n\n(The MIT License)\n\nCopyright (c) 2012 Nathan Rajlich &lt;nathan@tootallnate.net&gt;\n\nPermission is hereby granted, free of charge, to any person obtaining\na copy of this software and associated documentation files (the\n\'Software\'), to deal in the Software without restriction, including\nwithout limitation the rights to use, copy, modify, merge, publish,\ndistribute, sublicense, and/or sell copies of the Software, and to\npermit persons to whom the Software is furnished to do so, subject to\nthe following conditions:\n\nThe above copyright notice and this permission notice shall be\nincluded in all copies or substantial portions of the Software.\n\nTHE SOFTWARE IS PROVIDED \'AS IS\', WITHOUT WARRANTY OF ANY KIND,\nEXPRESS OR IMPLIED, INCLUDING BUT NOT LIMITED TO THE WARRANTIES OF\nMERCHANTABILITY, FITNESS FOR A PARTICULAR PURPOSE AND NONINFRINGEMENT.\nIN NO EVENT SHALL THE AUTHORS OR COPYRIGHT HOLDERS BE LIABLE FOR ANY\nCLAIM, DAMAGES OR OTHER LIABILITY, WHETHER IN AN ACTION OF CONTRACT,\nTORT OR OTHERWISE, ARISING FROM, OUT OF OR IN CONNECTION WITH THE\nSOFTWARE OR THE USE OR OTHER DEALINGS IN THE SOFTWARE.\n',
152 silly resolved     readmeFilename: 'README.md',
152 silly resolved     bugs: { url: 'https://github.com/TooTallNate/node-bindings/issues' },
152 silly resolved     homepage: 'https://github.com/TooTallNate/node-bindings',
152 silly resolved     _id: 'bindings@1.1.1',
152 silly resolved     _from: 'bindings@*' } ]
153 info install bindings@1.1.1 into G:\Infollion\SearchNTalk\code\Coral\node_modules\hiredis
154 info installOne bindings@1.1.1
155 info G:\Infollion\SearchNTalk\code\Coral\node_modules\hiredis\node_modules\bindings unbuild
156 verbose tar unpack C:\Users\Nishant\AppData\Roaming\npm-cache\bindings\1.1.1\package.tgz
157 silly lockFile e91dd17d-es-hiredis-node-modules-bindings tar://G:\Infollion\SearchNTalk\code\Coral\node_modules\hiredis\node_modules\bindings
158 verbose lock tar://G:\Infollion\SearchNTalk\code\Coral\node_modules\hiredis\node_modules\bindings C:\Users\Nishant\AppData\Roaming\npm-cache\e91dd17d-es-hiredis-node-modules-bindings.lock
159 silly lockFile b74ee7f5-cache-bindings-1-1-1-package-tgz tar://C:\Users\Nishant\AppData\Roaming\npm-cache\bindings\1.1.1\package.tgz
160 verbose lock tar://C:\Users\Nishant\AppData\Roaming\npm-cache\bindings\1.1.1\package.tgz C:\Users\Nishant\AppData\Roaming\npm-cache\b74ee7f5-cache-bindings-1-1-1-package-tgz.lock
161 silly gunzTarPerm modes [ '755', '644' ]
162 silly gunzTarPerm extractEntry package.json
163 silly gunzTarPerm modified mode [ 'package.json', 438, 420 ]
164 silly gunzTarPerm extractEntry README.md
165 silly gunzTarPerm modified mode [ 'README.md', 438, 420 ]
166 silly gunzTarPerm extractEntry bindings.js
167 silly gunzTarPerm modified mode [ 'bindings.js', 438, 420 ]
168 silly lockFile e91dd17d-es-hiredis-node-modules-bindings tar://G:\Infollion\SearchNTalk\code\Coral\node_modules\hiredis\node_modules\bindings
169 silly lockFile e91dd17d-es-hiredis-node-modules-bindings tar://G:\Infollion\SearchNTalk\code\Coral\node_modules\hiredis\node_modules\bindings
170 silly lockFile b74ee7f5-cache-bindings-1-1-1-package-tgz tar://C:\Users\Nishant\AppData\Roaming\npm-cache\bindings\1.1.1\package.tgz
171 silly lockFile b74ee7f5-cache-bindings-1-1-1-package-tgz tar://C:\Users\Nishant\AppData\Roaming\npm-cache\bindings\1.1.1\package.tgz
172 info preinstall bindings@1.1.1
173 verbose readDependencies using package.json deps
174 verbose readDependencies using package.json deps
175 silly resolved []
176 verbose about to build G:\Infollion\SearchNTalk\code\Coral\node_modules\hiredis\node_modules\bindings
177 info build G:\Infollion\SearchNTalk\code\Coral\node_modules\hiredis\node_modules\bindings
178 verbose linkStuff [ false,
178 verbose linkStuff   false,
178 verbose linkStuff   false,
178 verbose linkStuff   'G:\\Infollion\\SearchNTalk\\code\\Coral\\node_modules\\hiredis\\node_modules' ]
179 info linkStuff bindings@1.1.1
180 verbose linkBins bindings@1.1.1
181 verbose linkMans bindings@1.1.1
182 verbose rebuildBundles bindings@1.1.1
183 info install bindings@1.1.1
184 info postinstall bindings@1.1.1
185 verbose about to build G:\Infollion\SearchNTalk\code\Coral\node_modules\hiredis
186 info build G:\Infollion\SearchNTalk\code\Coral\node_modules\hiredis
187 verbose linkStuff [ false,
187 verbose linkStuff   false,
187 verbose linkStuff   false,
187 verbose linkStuff   'G:\\Infollion\\SearchNTalk\\code\\Coral\\node_modules' ]
188 info linkStuff hiredis@0.1.16
189 verbose linkBins hiredis@0.1.16
190 verbose linkMans hiredis@0.1.16
191 verbose rebuildBundles hiredis@0.1.16
192 verbose rebuildBundles [ 'bindings' ]
193 info install hiredis@0.1.16
194 verbose unsafe-perm in lifecycle true
195 info hiredis@0.1.16 Failed to exec install script
196 info G:\Infollion\SearchNTalk\code\Coral\node_modules\hiredis unbuild
197 info preuninstall hiredis@0.1.16
198 info uninstall hiredis@0.1.16
199 verbose true,G:\Infollion\SearchNTalk\code\Coral\node_modules,G:\Infollion\SearchNTalk\code\Coral\node_modules unbuild hiredis@0.1.16
200 info postuninstall hiredis@0.1.16
201 error hiredis@0.1.16 install: `node-gyp rebuild`
201 error Exit status 1
202 error Failed at the hiredis@0.1.16 install script.
202 error This is most likely a problem with the hiredis package,
202 error not with npm itself.
202 error Tell the author that this fails on your system:
202 error     node-gyp rebuild
202 error You can get their info via:
202 error     npm owner ls hiredis
202 error There is likely additional logging output above.
203 error System Windows_NT 6.1.7601
204 error command "C:\\Program Files\\nodejs\\\\node.exe" "C:\\Program Files\\nodejs\\node_modules\\npm\\bin\\npm-cli.js" "install" "hiredis"
205 error cwd G:\Infollion\SearchNTalk\code\Coral
206 error node -v v0.10.26
207 error npm -v 1.4.3
208 error code ELIFECYCLE
209 verbose exit [ 1, true ]
